<?xml version="1.0" encoding="UTF-8"?>
<!-- Generated by org.testng.reporters.JUnitReportReporter -->
<testsuite skipped="1" hostname="Humeyras-MBP" name="com.qa.orangehrm.test.AddEmployeeTest" tests="1" failures="0" timestamp="2020-11-03T11:13:54 EST" time="0.000" errors="0">
  <testcase name="addEmployeeTest" time="0.000" classname="com.qa.orangehrm.test.AddEmployeeTest">
    <skipped/>
  </testcase> <!-- addEmployeeTest -->
  <system-out/>
</testsuite> <!-- com.qa.orangehrm.test.AddEmployeeTest -->
