<?xml version="1.0" encoding="UTF-8"?>
<!-- Generated by org.testng.reporters.JUnitReportReporter -->
<testsuite skipped="0" hostname="Humeyras-MBP" name="com.qa.orangehrm.test.HomePageTest" tests="4" failures="0" timestamp="2020-10-23T10:41:04 EDT" time="23.492" errors="0">
  <testcase name="verifyHomePageTitle" time="4.740" classname="com.qa.orangehrm.test.HomePageTest"/>
  <system-out/>
  <testcase name="verifyHeader" time="4.875" classname="com.qa.orangehrm.test.HomePageTest"/>
  <system-out/>
  <testcase name="verifyLoggedInUserAccount" time="4.959" classname="com.qa.orangehrm.test.HomePageTest"/>
  <system-out/>
  <testcase name="verifyAuthentication" time="8.918" classname="com.qa.orangehrm.test.HomePageTest"/>
  <system-out/>
</testsuite> <!-- com.qa.orangehrm.test.HomePageTest -->
