<?xml version="1.0" encoding="UTF-8"?>
<!-- Generated by org.testng.reporters.JUnitReportReporter -->
<testsuite skipped="0" hostname="Humeyras-MBP" name="com.qa.orangehrm.test.HomePageTest" tests="1" failures="0" timestamp="14 Oct 2020 01:23:23 GMT" time="7.183" errors="0">
  <testcase name="verifyHomePageTitle" time="7.183" classname="com.qa.orangehrm.test.HomePageTest"/>
</testsuite> <!-- com.qa.orangehrm.test.HomePageTest -->
