<?xml version="1.0" encoding="UTF-8"?>
<!-- Generated by org.testng.reporters.JUnitReportReporter -->
<testsuite skipped="0" hostname="Humeyras-MBP" name="com.qa.orangehrm.test.LoginPageTest" tests="1" failures="0" timestamp="14 Oct 2020 01:23:23 GMT" time="3.972" errors="0">
  <testcase name="verifyLoginPageTitle" time="3.972" classname="com.qa.orangehrm.test.LoginPageTest"/>
</testsuite> <!-- com.qa.orangehrm.test.LoginPageTest -->
